"E:/Projetos Unreal Engine/PlaygroundProjectV2/Content/Geometry/Meshes/CubeMaterial.uasset" 0
"E:/Projetos Unreal Engine/PlaygroundProjectV2/Content/Geometry/Meshes/1M_Cube.uasset" 1
"E:/Projetos Unreal Engine/PlaygroundProjectV2/Content/Geometry/Meshes/mkv_diffuse.uasset" 2
"E:/Projetos Unreal Engine/PlaygroundProjectV2/Content/Geometry/Meshes/01_-_Default.uasset" 3
"E:/Projetos Unreal Engine/PlaygroundProjectV2/Content/Geometry/Meshes/mkv_lambert1.uasset" 4
"E:/Projetos Unreal Engine/PlaygroundProjectV2/Content/Blueprints_General/MyRazorbackPawnBP.uasset" 5
"E:/Projetos Unreal Engine/PlaygroundProjectV2/Content/Blueprints_And_CPP/MyRazorbackPawnBP.uasset" 6
"E:/Projetos Unreal Engine/PlaygroundProjectV2/Content/Blueprints_General/UI/ethnocentric_rg.uasset" 7
"E:/Projetos Unreal Engine/PlaygroundProjectV2/Content/Blueprints_General/UI/ethnocentric_rg_Font.uasset" 8
"E:/Projetos Unreal Engine/PlaygroundProjectV2/Content/Blueprints_General/UI/BP_ShipHUDWidgets.uasset" 9
"E:/Projetos Unreal Engine/PlaygroundProjectV2/Content/Blueprints_General/UI/BP_ShipHUD.uasset" 10
"E:/Projetos Unreal Engine/PlaygroundProjectV2/Content/Blueprints_General/UI/BP_Gamemode.uasset" 11
"E:/Projetos Unreal Engine/PlaygroundProjectV2/Content/Blueprints_And_CPP/UI/BP_Gamemode.uasset" 12
"E:/Projetos Unreal Engine/PlaygroundProjectV2/Content/Blueprints_General/MyBullet.uasset" 13
"E:/Projetos Unreal Engine/PlaygroundProjectV2/Content/Blueprints_General/MyGamemode.uasset" 14
"E:/Projetos Unreal Engine/PlaygroundProjectV2/Content/Blueprints_General/NewGameMode.uasset" 15
"../../Plugins/FX/Niagara/Content/DefaultAssets/DefaultSpriteMaterial.uasset" 16
"../../Plugins/FX/Niagara/Content/Enums/ENiagaraRandomnessMode.uasset" 17
"../../Plugins/FX/Niagara/Content/Functions/GetRandomInfo.uasset" 18
"../../Plugins/FX/Niagara/Content/Functions/RandomRangeFloat.uasset" 19
"../../Plugins/FX/Niagara/Content/DynamicInputs/UniformRange/UniformRangedFloat.uasset" 20
"../../Plugins/FX/Niagara/Content/DynamicInputs/ValueFromCurve/FloatFromCurve.uasset" 21
"../../Plugins/FX/Niagara/Content/Functions/Emitter/EmitterChangeState.uasset" 22
"../../Plugins/FX/Niagara/Content/Enums/ENiagara_EmitterStateOptions.uasset" 23
"../../Plugins/FX/Niagara/Content/Enums/ENiagara_InfiniteLoopDuration.uasset" 24
"../../Plugins/FX/Niagara/Content/Enums/ENiagaraEmitterLifeCycleMode.uasset" 25
"../../Plugins/FX/Niagara/Content/Enums/ENiagaraEmitterScalabilityMode_Limited.uasset" 26
"../../Plugins/FX/Niagara/Content/Enums/ENiagaraExecutionStateManagement.uasset" 27
"../../Plugins/FX/Niagara/Content/Enums/ENiagaraInactiveMode.uasset" 28
"../../Plugins/FX/Niagara/Content/Modules/Emitter/EmitterState.uasset" 29
"../../Plugins/FX/Niagara/Content/Modules/Emitter/SpawnBurst_Instantaneous.uasset" 30
"../../Plugins/FX/Niagara/Content/Modules/Solvers/ApplyInitialForces.uasset" 31
"../../Plugins/FX/Niagara/Content/Functions/DirectionAndLengthSafe.uasset" 32
"../../Plugins/FX/Niagara/Content/Functions/Localspace/SimulationPosition.uasset" 33
"../../Plugins/FX/Niagara/Content/Modules/Solvers/SolveForcesAndVelocity.uasset" 34
"../../Plugins/FX/Niagara/Content/Modules/Spawn/Initialization/InitializeParticle.uasset" 35
"../../Plugins/FX/Niagara/Content/Enums/ENiagaraCoordinateSpace.uasset" 36
"../../Plugins/FX/Niagara/Content/Functions/Localspace/TransformBase.uasset" 37
"../../Plugins/FX/Niagara/Content/Functions/Localspace/TransformVector.uasset" 38
"../../Plugins/FX/Niagara/Content/Functions/Math/RemapValueRange.uasset" 39
"../../Plugins/FX/Niagara/Content/Functions/PolarToCartesianCoordinates.uasset" 40
"../../Plugins/FX/Niagara/Content/Functions/RandomVectorInCone.uasset" 41
"../../Plugins/FX/Niagara/Content/Functions/Rotation/FindQuatBetween.uasset" 42
"../../Plugins/FX/Niagara/Content/Functions/Rotation/MultiplyVectorWithQuaternion.uasset" 43
"../../Plugins/FX/Niagara/Content/Modules/Spawn/Velocity/AddVelocityInCone.uasset" 44
"../../Plugins/FX/Niagara/Content/Functions/System/SystemChangeState.uasset" 45
"../../Plugins/FX/Niagara/Content/Enums/ENiagaraSystemInactiveMode.uasset" 46
"../../Plugins/FX/Niagara/Content/Modules/System/SystemState.uasset" 47
"../../Plugins/FX/Niagara/Content/Enums/ENiagaraScaleColorMode.uasset" 48
"../../Plugins/FX/Niagara/Content/Modules/Update/Color/ScaleColor.uasset" 49
"../../Plugins/FX/Niagara/Content/Modules/Update/Lifetime/ParticleState.uasset" 50
"../../Plugins/FX/Niagara/Content/Enums/ENiagaraMassByVolume.uasset" 51
"../../Plugins/FX/Niagara/Content/Modules/Update/Mass/CalculateSizeAndRotationalInertiaByMass.uasset" 52
"../../Plugins/FX/Niagara/Content/Modules/Update/Size/ScaleSpriteSizeBySpeed.uasset" 53
"../../Plugins/FX/Niagara/Content/Modules/Update/Velocity/InheritVelocity.uasset" 54
"E:/Projetos Unreal Engine/PlaygroundProjectV2/Content/Blueprints_General/ThrusterFX/NS_ThrusterBurst.uasset" 55
"E:/Projetos Unreal Engine/PlaygroundProjectV2/Content/Blueprints_General/ThrusterFX/NewNiagaraSystem.uasset" 56
"E:/Projetos Unreal Engine/PlaygroundProjectV2/Content/Blueprints_General/ThrusterFX/NS_DirectionalBurst.uasset" 57
"E:/Projetos Unreal Engine/PlaygroundProjectV2/Content/Blueprints_General/ThrusterFX/NS_Thruster.uasset" 58
"E:/Projetos Unreal Engine/PlaygroundProjectV2/Content/Flying/Meshes/BaseMaterial.uasset" 59
"E:/Projetos Unreal Engine/PlaygroundProjectV2/Content/Flying/Meshes/UFOMaterial.uasset" 60
"E:/Projetos Unreal Engine/PlaygroundProjectV2/Content/Flying/Meshes/UFO.uasset" 61
"E:/Projetos Unreal Engine/PlaygroundProjectV2/Content/Geometry/Meshes/lambert1.uasset" 62
"E:/Projetos Unreal Engine/PlaygroundProjectV2/Content/Geometry/Meshes/mkv_lambert004.uasset" 63
"E:/Projetos Unreal Engine/PlaygroundProjectV2/Content/sA_PickupSet_1/Fx/NiagaraEmitters/NE_Light.uasset" 64
"E:/Projetos Unreal Engine/PlaygroundProjectV2/Content/sA_PickupSet_1/Materials/Textures/Noise01.uasset" 65
"E:/Projetos Unreal Engine/PlaygroundProjectV2/Content/sA_PickupSet_1/Materials/Textures/Noise02.uasset" 66
"E:/Projetos Unreal Engine/PlaygroundProjectV2/Content/sA_PickupSet_1/Materials/Textures/Noise04.uasset" 67
"E:/Projetos Unreal Engine/PlaygroundProjectV2/Content/sA_PickupSet_1/Materials/Textures/Noise06.uasset" 68
"E:/Projetos Unreal Engine/PlaygroundProjectV2/Content/sA_PickupSet_1/Materials/Textures/Noise07.uasset" 69
"E:/Projetos Unreal Engine/PlaygroundProjectV2/Content/sA_PickupSet_1/Materials/Textures/Noise08.uasset" 70
"E:/Projetos Unreal Engine/PlaygroundProjectV2/Content/sA_PickupSet_1/Materials/Textures/Noise09.uasset" 71
"E:/Projetos Unreal Engine/PlaygroundProjectV2/Content/sA_PickupSet_1/Materials/Textures/Noise11.uasset" 72
"E:/Projetos Unreal Engine/PlaygroundProjectV2/Content/sA_PickupSet_1/Materials/Textures/Noise12.uasset" 73
"E:/Projetos Unreal Engine/PlaygroundProjectV2/Content/StarterContent/Materials/M_Basic_Wall.uasset" 74
"E:/Projetos Unreal Engine/PlaygroundProjectV2/Content/StarterContent/Architecture/Pillar_50x500.uasset" 75
"E:/Projetos Unreal Engine/PlaygroundProjectV2/Content/StarterContent/Architecture/Wall_400x300.uasset" 76
"E:/Projetos Unreal Engine/PlaygroundProjectV2/Content/StarterContent/Architecture/Wall_400x400.uasset" 77
"E:/Projetos Unreal Engine/PlaygroundProjectV2/Content/StarterContent/Architecture/Wall_500x500.uasset" 78
"E:/Projetos Unreal Engine/PlaygroundProjectV2/Content/StarterContent/Architecture/Wall_Door_400x400.uasset" 79
"E:/Projetos Unreal Engine/PlaygroundProjectV2/Content/StarterContent/Architecture/Wall_Window_400x400.uasset" 80
"E:/Projetos Unreal Engine/PlaygroundProjectV2/Content/StarterContent/Audio/Collapse01.uasset" 81
"E:/Projetos Unreal Engine/PlaygroundProjectV2/Content/StarterContent/Audio/Collapse02.uasset" 82
"E:/Projetos Unreal Engine/PlaygroundProjectV2/Content/StarterContent/Audio/Explosion01.uasset" 83
"E:/Projetos Unreal Engine/PlaygroundProjectV2/Content/StarterContent/Audio/Explosion02.uasset" 84
"E:/Projetos Unreal Engine/PlaygroundProjectV2/Content/StarterContent/Audio/Fire01.uasset" 85
"E:/Projetos Unreal Engine/PlaygroundProjectV2/Content/StarterContent/Audio/Fire_Sparks01.uasset" 86
"E:/Projetos Unreal Engine/PlaygroundProjectV2/Content/StarterContent/Audio/Light01.uasset" 87
"E:/Projetos Unreal Engine/PlaygroundProjectV2/Content/StarterContent/Audio/Light01_Cue.uasset" 88
"E:/Projetos Unreal Engine/PlaygroundProjectV2/Content/StarterContent/Audio/Light02.uasset" 89
"E:/Projetos Unreal Engine/PlaygroundProjectV2/Content/StarterContent/Audio/Light02_Cue.uasset" 90
"E:/Projetos Unreal Engine/PlaygroundProjectV2/Content/StarterContent/Audio/Smoke01.uasset" 91
"E:/Projetos Unreal Engine/PlaygroundProjectV2/Content/StarterContent/Audio/Starter_Birds01.uasset" 92
"E:/Projetos Unreal Engine/PlaygroundProjectV2/Content/StarterContent/Audio/Starter_Music01.uasset" 93
"E:/Projetos Unreal Engine/PlaygroundProjectV2/Content/StarterContent/Audio/Starter_Wind05.uasset" 94
"E:/Projetos Unreal Engine/PlaygroundProjectV2/Content/StarterContent/Audio/Starter_Wind06.uasset" 95
"E:/Projetos Unreal Engine/PlaygroundProjectV2/Content/StarterContent/Audio/Steam01.uasset" 96
"E:/Projetos Unreal Engine/PlaygroundProjectV2/Content/StarterContent/Audio/Explosion_Cue.uasset" 97
"E:/Projetos Unreal Engine/PlaygroundProjectV2/Content/StarterContent/Textures/T_Burst_M.uasset" 98
"E:/Projetos Unreal Engine/PlaygroundProjectV2/Content/StarterContent/Particles/Materials/M_Burst.uasset" 99
"E:/Projetos Unreal Engine/PlaygroundProjectV2/Content/StarterContent/Textures/T_Explosion_SubUV.uasset" 100
"E:/Projetos Unreal Engine/PlaygroundProjectV2/Content/StarterContent/Particles/Materials/M_explosion_subUV.uasset" 101
"E:/Projetos Unreal Engine/PlaygroundProjectV2/Content/StarterContent/Particles/Materials/m_flare_01.uasset" 102
"../../../Engine/Content/Functions/Engine_MaterialFunctions01/Gradient/RadialGradient.uasset" 103
"E:/Projetos Unreal Engine/PlaygroundProjectV2/Content/StarterContent/Particles/Materials/M_radial_ramp.uasset" 104
"E:/Projetos Unreal Engine/PlaygroundProjectV2/Content/StarterContent/Textures/T_Smoke_SubUV.uasset" 105
"E:/Projetos Unreal Engine/PlaygroundProjectV2/Content/StarterContent/Textures/T_Smoke_Tiled_D.uasset" 106
"E:/Projetos Unreal Engine/PlaygroundProjectV2/Content/StarterContent/Particles/Materials/M_smoke_subUV.uasset" 107
"E:/Projetos Unreal Engine/PlaygroundProjectV2/Content/StarterContent/Particles/P_Explosion.uasset" 108
"E:/Projetos Unreal Engine/PlaygroundProjectV2/Content/StarterContent/Blueprints/Blueprint_Effect_Explosion.uasset" 109
"../../../Engine/Content/EditorMeshes/ColorCalibrator/T_ColorGrid.uasset" 110
"E:/Projetos Unreal Engine/PlaygroundProjectV2/Content/StarterContent/Materials/M_ColorGrid_LowSpec.uasset" 111
"E:/Projetos Unreal Engine/PlaygroundProjectV2/Content/StarterContent/Textures/T_Bush_D.uasset" 112
"E:/Projetos Unreal Engine/PlaygroundProjectV2/Content/StarterContent/Textures/T_Bush_N.uasset" 113
"E:/Projetos Unreal Engine/PlaygroundProjectV2/Content/StarterContent/Props/Materials/M_Bush.uasset" 114
"E:/Projetos Unreal Engine/PlaygroundProjectV2/Content/StarterContent/Props/SM_Bush.uasset" 115
"E:/Projetos Unreal Engine/PlaygroundProjectV2/Content/StarterContent/Textures/T_Chair_M.uasset" 116
"E:/Projetos Unreal Engine/PlaygroundProjectV2/Content/StarterContent/Textures/T_Chair_N.uasset" 117
"E:/Projetos Unreal Engine/PlaygroundProjectV2/Content/StarterContent/Props/Materials/M_Chair.uasset" 118
"E:/Projetos Unreal Engine/PlaygroundProjectV2/Content/StarterContent/Props/SM_Couch.uasset" 119
"E:/Projetos Unreal Engine/PlaygroundProjectV2/Content/StarterContent/Materials/M_Glass.uasset" 120
"E:/Projetos Unreal Engine/PlaygroundProjectV2/Content/StarterContent/Textures/T_Door_M.uasset" 121
"E:/Projetos Unreal Engine/PlaygroundProjectV2/Content/StarterContent/Textures/T_Door_N.uasset" 122
"E:/Projetos Unreal Engine/PlaygroundProjectV2/Content/StarterContent/Props/Materials/M_Door.uasset" 123
"E:/Projetos Unreal Engine/PlaygroundProjectV2/Content/StarterContent/Props/SM_Door.uasset" 124
"E:/Projetos Unreal Engine/PlaygroundProjectV2/Content/StarterContent/Props/Materials/M_MaterialSphere.uasset" 125
"E:/Projetos Unreal Engine/PlaygroundProjectV2/Content/StarterContent/Props/Materials/M_MaterialSphere_Plain.uasset" 126
"E:/Projetos Unreal Engine/PlaygroundProjectV2/Content/StarterContent/Props/SM_MatPreviewMesh_02.uasset" 127
"../../../Engine/Content/Functions/Engine_MaterialFunctions02/Utility/BlendAngleCorrectedNormals.uasset" 128
"E:/Projetos Unreal Engine/PlaygroundProjectV2/Content/StarterContent/Textures/T_Detail_Rocky_N.uasset" 129
"E:/Projetos Unreal Engine/PlaygroundProjectV2/Content/StarterContent/Textures/T_Rock_Basalt_D.uasset" 130
"E:/Projetos Unreal Engine/PlaygroundProjectV2/Content/StarterContent/Textures/T_RockMesh_M.uasset" 131
"E:/Projetos Unreal Engine/PlaygroundProjectV2/Content/StarterContent/Textures/T_RockMesh_N.uasset" 132
"E:/Projetos Unreal Engine/PlaygroundProjectV2/Content/StarterContent/Props/Materials/M_Rock.uasset" 133
"E:/Projetos Unreal Engine/PlaygroundProjectV2/Content/StarterContent/Props/SM_Rock.uasset" 134
"E:/Projetos Unreal Engine/PlaygroundProjectV2/Content/StarterContent/Textures/T_Shelf_M.uasset" 135
"E:/Projetos Unreal Engine/PlaygroundProjectV2/Content/StarterContent/Textures/T_Shelf_N.uasset" 136
"E:/Projetos Unreal Engine/PlaygroundProjectV2/Content/StarterContent/Props/Materials/M_Shelf.uasset" 137
"E:/Projetos Unreal Engine/PlaygroundProjectV2/Content/StarterContent/Props/SM_Shelf.uasset" 138
"E:/Projetos Unreal Engine/PlaygroundProjectV2/Content/StarterContent/Materials/M_Basic_Floor.uasset" 139
"E:/Projetos Unreal Engine/PlaygroundProjectV2/Content/StarterContent/Props/SM_Stairs.uasset" 140
"E:/Projetos Unreal Engine/PlaygroundProjectV2/Content/StarterContent/Shapes/Shape_Cone.uasset" 141
"E:/Projetos Unreal Engine/PlaygroundProjectV2/Content/StarterContent/Shapes/Shape_Cylinder.uasset" 142
"E:/Projetos Unreal Engine/PlaygroundProjectV2/Content/StarterContent/Shapes/Shape_NarrowCapsule.uasset" 143
"E:/Projetos Unreal Engine/PlaygroundProjectV2/Content/StarterContent/Shapes/Shape_Pipe.uasset" 144
"E:/Projetos Unreal Engine/PlaygroundProjectV2/Content/StarterContent/Shapes/Shape_Pipe_180.uasset" 145
"E:/Projetos Unreal Engine/PlaygroundProjectV2/Content/StarterContent/Shapes/Shape_Pipe_90.uasset" 146
"E:/Projetos Unreal Engine/PlaygroundProjectV2/Content/StarterContent/Shapes/Shape_Plane.uasset" 147
"E:/Projetos Unreal Engine/PlaygroundProjectV2/Content/StarterContent/Shapes/Shape_Torus.uasset" 148
"E:/Projetos Unreal Engine/PlaygroundProjectV2/Content/StarterContent/Shapes/Shape_Trim.uasset" 149
"E:/Projetos Unreal Engine/PlaygroundProjectV2/Content/StarterContent/Shapes/Shape_Trim_90_In.uasset" 150
"E:/Projetos Unreal Engine/PlaygroundProjectV2/Content/StarterContent/Shapes/Shape_Trim_90_Out.uasset" 151
"E:/Projetos Unreal Engine/PlaygroundProjectV2/Content/StarterContent/Shapes/Shape_TriPyramid.uasset" 152
"E:/Projetos Unreal Engine/PlaygroundProjectV2/Content/StarterContent/Shapes/Shape_Tube.uasset" 153
"E:/Projetos Unreal Engine/PlaygroundProjectV2/Content/StarterContent/Shapes/Shape_Wedge_A.uasset" 154
"E:/Projetos Unreal Engine/PlaygroundProjectV2/Content/StarterContent/Shapes/Shape_Wedge_B.uasset" 155
"E:/Projetos Unreal Engine/PlaygroundProjectV2/Content/StarterContent/Shapes/Shape_WideCapsule.uasset" 156
"../../../Engine/Content/Animation/DefaultAnimCurveCompressionSettings.uasset" 157
"../../../Engine/Content/Functions/Engine_MaterialFunctions01/Opacity/CameraDepthFade.uasset" 158
"../../../Engine/Content/EngineMaterials/T_Default_Material_Grid_M.uasset" 159
"../../../Engine/Content/EngineMaterials/T_Default_Material_Grid_N.uasset" 160
"../../../Engine/Content/EngineMaterials/WorldGridMaterial.uasset" 161
"../../../Engine/Content/ArtTools/RenderToTexture/Meshes/S_1_Unit_Plane.uasset" 162
"../../../Engine/Content/EngineMaterials/DefaultMaterial.uasset" 163
"../../../Engine/Content/BasicShapes/Cone.uasset" 164
"../../../Engine/Content/BasicShapes/Cube.uasset" 165
"../../../Engine/Content/BasicShapes/Cylinder.uasset" 166
"../../../Engine/Content/BasicShapes/Plane.uasset" 167
"../../../Engine/Content/EditorLandscapeResources/DataLayer.uasset" 168
"../../../Engine/Content/EditorMaterials/MAT_Groups_Toggle.uasset" 169
"../../../Engine/Content/EditorMaterials/MAT_Groups_Visibility.uasset" 170
"../../../Engine/Content/EditorMaterials/PreviewShadowIndicator.uasset" 171
"../../../Engine/Content/EditorMaterials/PreviewShadowIndicatorMaterial.uasset" 172
"../../../Engine/Content/EditorMaterials/MatineeGroups/MAT_ColorTrack.uasset" 173
"../../../Engine/Content/EditorMaterials/MatineeGroups/MAT_Groups_Anim.uasset" 174
"../../../Engine/Content/EditorMaterials/MatineeGroups/MAT_Groups_AudioMaster.uasset" 175
"../../../Engine/Content/EditorMaterials/MatineeGroups/MAT_Groups_Director.uasset" 176
"../../../Engine/Content/EditorMaterials/MatineeGroups/MAT_Groups_Event.uasset" 177
"../../../Engine/Content/EditorMaterials/MatineeGroups/MAT_Groups_Fade.uasset" 178
"../../../Engine/Content/EditorMaterials/MatineeGroups/MAT_Groups_Float.uasset" 179
"../../../Engine/Content/EditorMaterials/MatineeGroups/MAT_Groups_Move.uasset" 180
"../../../Engine/Content/EditorMaterials/MatineeGroups/MAT_Groups_Slomo.uasset" 181
"../../../Engine/Content/EditorMaterials/MatineeGroups/MAT_Groups_Sound.uasset" 182
"../../../Engine/Content/EditorMaterials/MatineeGroups/MAT_Groups_Vector.uasset" 183
"../../../Engine/Content/EditorMaterials/ParticleSystems/PSysThumbnail_NoImage.uasset" 184
"../../../Engine/Content/EditorMaterials/ParticleSystems/PSysThumbnail_OOD.uasset" 185
"../../../Engine/Content/EditorMaterials/Camera/CineMat.uasset" 186
"../../../Engine/Content/EditorMaterials/Camera/MI_CineMat_Rig.uasset" 187
"../../../Engine/Content/EditorMeshes/Camera/SM_CraneRig_Arm.uasset" 188
"../../../Engine/Content/EditorMeshes/Camera/SM_CraneRig_Base.uasset" 189
"../../../Engine/Content/EditorMeshes/Camera/SM_CraneRig_Body.uasset" 190
"../../../Engine/Content/EditorMeshes/Camera/SM_CraneRig_Mount.uasset" 191
"../../../Engine/Content/EditorMeshes/Camera/SM_RailRig_Mount.uasset" 192
"../../../Engine/Content/EditorMeshes/Camera/SM_RailRig_Track.uasset" 193
"../../../Engine/Content/EditorResources/BSPVertex.uasset" 194
"../../../Engine/Content/EditorResources/EmptyActor.uasset" 195
"../../../Engine/Content/EditorResources/S_Actor.uasset" 196
"../../../Engine/Content/EditorResources/S_Note.uasset" 197
"../../../Engine/Content/EditorResources/S_Solver.uasset" 198
"../../../Engine/Content/EditorResources/S_Thruster.uasset" 199
"../../../Engine/Content/EditorResources/S_Trigger.uasset" 200
"../../../Engine/Content/EditorResources/AudioIcons/S_AudioComponent.uasset" 201
"../../../Engine/Content/EditorResources/AudioIcons/S_AudioComponent_AutoActivate.uasset" 202
"../../../Engine/Content/EditorResources/LightIcons/S_LightError.uasset" 203
"../../../Engine/Content/EditorResources/SequenceRecorder/Countdown.uasset" 204
"../../../Engine/Content/EditorResources/SequenceRecorder/RecordingIndicator.uasset" 205
"../../../Engine/Content/EditorSounds/Notifications/CompileFailed.uasset" 206
"../../../Engine/Content/EditorSounds/Notifications/CompileFailed_Cue.uasset" 207
"../../../Engine/Content/EditorSounds/Notifications/CompileSuccess.uasset" 208
"../../../Engine/Content/EditorSounds/Notifications/CompileStart_Cue.uasset" 209
"../../../Engine/Content/EditorSounds/Notifications/CompileSuccess_Cue.uasset" 210
"../../../Engine/Content/EngineDamageTypes/DmgTypeBP_Environmental.uasset" 211
"../../../Engine/Content/EngineDebugMaterials/DebugEditorMaterial.uasset" 212
"../../../Engine/Content/EngineDebugMaterials/DebugMeshMaterial.uasset" 213
"../../../Engine/Content/EngineDebugMaterials/M_SimpleUnlitTranslucent.uasset" 214
"../../../Engine/Content/Functions/Engine_MaterialFunctions02/Utility/CameraDirectionVector.uasset" 215
"../../../Engine/Content/EngineDebugMaterials/VolumeToRender.uasset" 216
"../../../Engine/Content/EngineDebugMaterials/M_VolumeRenderSphereTracePP.uasset" 217
"../../../Engine/Content/EngineDebugMaterials/WireframeMaterial.uasset" 218
"../../../Engine/Content/EngineFonts/Faces/DroidSansFallback.uasset" 219
"../../../Engine/Content/EngineFonts/Faces/RobotoBold.uasset" 220
"../../../Engine/Content/EngineFonts/Faces/RobotoBoldItalic.uasset" 221
"../../../Engine/Content/EngineFonts/Faces/RobotoItalic.uasset" 222
"../../../Engine/Content/EngineFonts/Faces/RobotoLight.uasset" 223
"../../../Engine/Content/EngineFonts/Faces/RobotoRegular.uasset" 224
"../../../Engine/Content/EngineFonts/Roboto.uasset" 225
"../../../Engine/Content/EngineMaterials/BaseFlattenDiffuseMap.uasset" 226
"../../../Engine/Content/EngineMaterials/BaseFlattenEmissiveMap.uasset" 227
"../../../Engine/Content/EngineMaterials/BaseFlattenGrayscaleMap.uasset" 228
"../../../Engine/Content/EngineMaterials/BaseFlattenNormalMap.uasset" 229
"../../../Engine/Content/EngineMaterials/BaseFlattenMaterial.uasset" 230
"../../../Engine/Content/EngineMaterials/BlueNoise.uasset" 231
"../../../Engine/Content/EngineMaterials/DefaultBloomKernel.uasset" 232
"../../../Engine/Content/EngineMaterials/DefaultBokeh.uasset" 233
"../../../Engine/Content/EngineMaterials/DefaultDiffuse.uasset" 234
"../../../Engine/Content/EngineMaterials/DefaultDeferredDecalMaterial.uasset" 235
"../../../Engine/Content/EngineMaterials/DefaultLightFunctionMaterial.uasset" 236
"../../../Engine/Content/Functions/Engine_MaterialFunctions02/Utility/BreakOutFloat2Components.uasset" 237
"../../../Engine/Content/EngineMaterials/DefaultPostProcessMaterial.uasset" 238
"../../../Engine/Content/EngineFonts/RobotoDistanceField.uasset" 239
"../../../Engine/Content/EngineMaterials/DefaultTextMaterialOpaque.uasset" 240
"../../../Engine/Content/EngineMaterials/DefaultWhiteGrid.uasset" 241
"../../../Engine/Content/EngineMaterials/DefaultWhiteGrid_Low.uasset" 242
"../../../Engine/Content/EngineMaterials/EmissiveMeshMaterial.uasset" 243
"../../../Engine/Content/EngineMaterials/GizmoMaterial.uasset" 244
"../../../Engine/Content/EngineMaterials/Good64x64TilingNoiseHighFreq.uasset" 245
"../../../Engine/Content/EngineMaterials/MiniFont.uasset" 246
"../../../Engine/Content/EngineMaterials/InvalidLightmapSettings.uasset" 247
"../../../Engine/Content/EngineMaterials/M_InvalidLightmapSettings.uasset" 248
"../../../Engine/Content/Functions/Engine_MaterialFunctions02/WorldPositionOffset/CameraOffset.uasset" 249
"../../../Engine/Content/EngineMaterials/PhAT_JointLimitMaterial.uasset" 250
"../../../Engine/Content/EngineMaterials/PreintegratedSkinBRDF.uasset" 251
"../../../Engine/Content/EngineMaterials/RemoveSurfaceMaterial.uasset" 252
"../../../Engine/Content/EngineMaterials/WeightMapPlaceholderTexture.uasset" 253
"../../../Engine/Content/EngineResources/WhiteSquareTexture.uasset" 254
"../../../Engine/Content/EngineMaterials/Widget3DPassThrough.uasset" 255
"../../../Engine/Content/EngineMaterials/Widget3DPassThrough_Masked.uasset" 256
"../../../Engine/Content/EngineMaterials/Widget3DPassThrough_Opaque.uasset" 257
"../../../Engine/Content/EngineMaterials/Widget3DPassThrough_Masked_OneSided.uasset" 258
"../../../Engine/Content/EngineMaterials/Widget3DPassThrough_Opaque_OneSided.uasset" 259
"../../../Engine/Content/EngineMaterials/Widget3DPassThrough_Translucent.uasset" 260
"../../../Engine/Content/EngineMaterials/Widget3DPassThrough_Translucent_OneSided.uasset" 261
"../../../Engine/Content/EngineMeshes/Cylinder.uasset" 262
"../../../Engine/Content/EngineMeshes/Sphere.uasset" 263
"../../../Engine/Content/EngineResources/Black.uasset" 264
"../../../Engine/Content/EngineResources/DefaultTexture.uasset" 265
"../../../Engine/Content/EngineResources/DefaultTextureCube.uasset" 266
"../../../Engine/Content/EngineResources/DefaultVolumeTexture2D.uasset" 267
"../../../Engine/Content/EngineResources/DefaultVolumeTexture.uasset" 268
"../../../Engine/Content/EngineResources/GradientTexture0.uasset" 269
"../../../Engine/Content/EngineSounds/Master.uasset" 270
"../../../Engine/Content/Functions/Engine_MaterialFunctions01/Shading/ConvertFromDiffSpec.uasset" 271
"../../../Engine/Content/Functions/Engine_MaterialFunctions01/Shading/PowerToRoughness.uasset" 272
"../../../Engine/Content/Maps/Templates/Thumbnails/Default.uasset" 273
"../../../Engine/Content/Maps/Templates/Thumbnails/TimeOfDay.uasset" 274
"../../../Engine/Content/Maps/Templates/Thumbnails/VR-Basic.uasset" 275
"../../../Engine/Content/MobileResources/T_MobileControls_texture.uasset" 276
"../../../Engine/Content/MobileResources/T_MobileMenu2.uasset" 277
"../../../Engine/Content/MobileResources/HUD/AnalogHat.uasset" 278
"../../../Engine/Content/MobileResources/HUD/VirtualJoystick_Background.uasset" 279
"../../../Engine/Content/MobileResources/HUD/VirtualJoystick_Thumb.uasset" 280
"../../../Engine/Content/MobileResources/HUD/DefaultVirtualJoysticks.uasset" 281
"../../../Engine/Content/MobileResources/HUD/LeftVirtualJoystickOnly.uasset" 282
"../../../Engine/Content/MobileResources/HUD/MobileHUDButton1_off.uasset" 283
"../../../Engine/Content/MobileResources/HUD/MobileHUDButton1_on.uasset" 284
"../../../Engine/Content/MobileResources/HUD/MobileHUDButton2_off.uasset" 285
"../../../Engine/Content/MobileResources/HUD/MobileHUDButton2_on.uasset" 286
"../../../Engine/Content/MobileResources/HUD/MobileHUDButton3.uasset" 287
"../../../Engine/Content/MobileResources/HUD/MobileHUDButtonFire.uasset" 288
"../../../Engine/Content/MobileResources/HUD/MobileHUDDirectionPad.uasset" 289
"../../../Engine/Content/MobileResources/HUD/MobileHUDDirectionPad2.uasset" 290
"../../../Engine/Content/MobileResources/HUD/MobileHUDDirectionPad3.uasset" 291
"../../../Engine/Content/MobileResources/HUD/MobileHUDDirectionStick.uasset" 292
"../../../Engine/Content/MobileResources/HUD/T_Castle_ThumbstickInner.uasset" 293
"../../../Engine/Content/MobileResources/HUD/T_Castle_ThumbstickOutter.uasset" 294
"../../../Engine/Content/Tutorial/ContentIntroCurve.uasset" 295
"../../../Engine/Content/Tutorial/Basics/LevelEditorAttract.uasset" 296
"../../../Engine/Content/Tutorial/Installation/InstallingVisualStudioTutorial.uasset" 297
"../../../Engine/Content/VREditor/LaserPointer/VR_LaserPower_01.uasset" 298
"../../../Engine/Content/VREditor/TransformGizmo/TransformGizmoMaterial.uasset" 299
"../../../Engine/Content/VREditor/TransformGizmo/TranslucentTransformGizmoMaterial.uasset" 300
"../../../Engine/Content/VREditor/TransformGizmo/BoundingBoxCorner.uasset" 301
"../../../Engine/Content/VREditor/TransformGizmo/BoundingBoxEdge.uasset" 302
"../../../Engine/Content/VREditor/TransformGizmo/PlaneTranslationHandle.uasset" 303
"../../../Engine/Content/VREditor/TransformGizmo/Main.uasset" 304
"../../../Engine/Content/VREditor/TransformGizmo/Xray.uasset" 305
"../../../Engine/Content/VREditor/TransformGizmo/SM_Sequencer_Key.uasset" 306
"../../../Engine/Content/VREditor/TransformGizmo/SM_Sequencer_Node.uasset" 307
"../../Plugins/2D/Paper2D/Content/PlaceholderTextures/DummySpriteTexture.uasset" 308
"../../Plugins/2D/Paper2D/Content/DummySprite.uasset" 309
"../../Plugins/2D/Paper2D/Content/DefaultPaperTerrainMaterial.uasset" 310
"../../Plugins/2D/Paper2D/Content/DefaultSpriteMaterial.uasset" 311
"../../Plugins/2D/Paper2D/Content/MaskedUnlitSpriteMaterial.uasset" 312
"../../Plugins/2D/Paper2D/Content/OpaqueUnlitSpriteMaterial.uasset" 313
"../../Plugins/FX/Niagara/Content/Enums/ENiagaraBooleanLogicOps.uasset" 314
"../../../Engine/Content/Functions/Engine_MaterialFunctions02/Utility/BreakOutFloat4Components.uasset" 315
"../../../Engine/Content/Functions/Engine_MaterialFunctions02/Utility/MakeFloat2.uasset" 316
"../../../Engine/Content/Functions/Engine_MaterialFunctions02/Utility/MakeFloat3.uasset" 317
"../../Plugins/Runtime/Oculus/OculusVR/Content/Materials/OculusMR_ChromaKey.uasset" 318
"../../Plugins/Runtime/Oculus/OculusVR/Content/Materials/OculusMR_ChromaKey_Lit.uasset" 319
"../../Plugins/Runtime/Oculus/OculusVR/Content/Materials/OculusMR_OpaqueColoredMaterial.uasset" 320
"../../Plugins/Runtime/Oculus/OculusVR/Content/Materials/OculusMR_WhiteMaterial.uasset" 321
"../../../Engine/Content/EditorBlueprintResources/StandardMacros.uasset" 322
"../../../Engine/Content/EngineSky/C_Sky_Cloud_Color.uasset" 323
"../../../Engine/Content/EngineSky/C_Sky_Horizon_Color.uasset" 324
"../../../Engine/Content/EngineSky/C_Sky_Zenith_Color.uasset" 325
"../../../Engine/Content/EngineSky/T_Sky_Blue.uasset" 326
"../../../Engine/Content/EngineSky/T_Sky_Clouds_M.uasset" 327
"../../../Engine/Content/EngineSky/T_Sky_Stars.uasset" 328
"../../../Engine/Content/EngineSky/M_Sky_Panning_Clouds2.uasset" 329
"../../../Engine/Content/EngineSky/SM_SkySphere.uasset" 330
"../../../Engine/Content/EngineSky/BP_Sky_Sphere.uasset" 331
"../../../Engine/Content/Functions/Engine_MaterialFunctions01/Density/ExponentialDensity.uasset" 332
"../../../Engine/Content/Functions/Engine_MaterialFunctions01/Gradient/RadialGradientExponential.uasset" 333
"../../../Engine/Content/Functions/Engine_MaterialFunctions01/ImageAdjustment/DeriveHDRfromLDR.uasset" 334
"E:/Projetos Unreal Engine/PlaygroundProjectV2/Content/sA_PickupSet_1/Materials/Textures/T_Noise_DistortedCaustic.uasset" 335
"E:/Projetos Unreal Engine/PlaygroundProjectV2/Content/sA_PickupSet_1/Materials/Textures/T_NoiseFurry.uasset" 336
"E:/Projetos Unreal Engine/PlaygroundProjectV2/Content/sA_PickupSet_1/Materials/M_sA_Aura.uasset" 337
"E:/Projetos Unreal Engine/PlaygroundProjectV2/Content/sA_PickupSet_1/Materials/MI_Aura_1.uasset" 338
"E:/Projetos Unreal Engine/PlaygroundProjectV2/Content/sA_PickupSet_1/Materials/M_Master_Fresnel.uasset" 339
"E:/Projetos Unreal Engine/PlaygroundProjectV2/Content/sA_PickupSet_1/Materials/MI_Fresnel.uasset" 340
"E:/Projetos Unreal Engine/PlaygroundProjectV2/Content/sA_PickupSet_1/Materials/Textures/T_Beam_01.uasset" 341
"E:/Projetos Unreal Engine/PlaygroundProjectV2/Content/sA_PickupSet_1/Materials/Textures/T_NoiseCloud_1.uasset" 342
"E:/Projetos Unreal Engine/PlaygroundProjectV2/Content/sA_PickupSet_1/Materials/Textures/T_NoiseCloud_2.uasset" 343
"E:/Projetos Unreal Engine/PlaygroundProjectV2/Content/sA_PickupSet_1/Materials/M_AdditiveScrollNiagara.uasset" 344
"E:/Projetos Unreal Engine/PlaygroundProjectV2/Content/sA_PickupSet_1/Materials/Textures/T_Ray_5.uasset" 345
"E:/Projetos Unreal Engine/PlaygroundProjectV2/Content/sA_PickupSet_1/Materials/MI_Scroll_1.uasset" 346
"../../Plugins/FX/Niagara/Content/Modules/Emitter/SpawnRate.uasset" 347
"../../Plugins/FX/Niagara/Content/Functions/RandomPointInSphere.uasset" 348
"../../Plugins/FX/Niagara/Content/Enums/ENiagaraExpansionMode.uasset" 349
"../../Plugins/FX/Niagara/Content/Enums/ENiagaraTorusDistributionMode.uasset" 350
"../../Plugins/FX/Niagara/Content/Modules/Spawn/Location/SphereLocation.uasset" 351
"../../Plugins/FX/Niagara/Content/Modules/Update/Forces/Drag.uasset" 352
"../../Plugins/FX/Niagara/Content/Modules/Update/Forces/GravityForce.uasset" 353
"../../Plugins/FX/Niagara/Content/Modules/Update/Material/DynamicMaterialParameters.uasset" 354
"E:/Projetos Unreal Engine/PlaygroundProjectV2/Content/sA_PickupSet_1/Fx/NiagaraEmitters/Ne_Aura.uasset" 355
"../../Plugins/FX/Niagara/Content/Functions/Rotation/MultiplyQuaternion.uasset" 356
"../../Plugins/FX/Niagara/Content/Functions/Rotation/AxisAngleToQuaternion.uasset" 357
"../../Plugins/FX/Niagara/Content/Modules/Solvers/ApplyRotationVector.uasset" 358
"../../Plugins/FX/Niagara/Content/Enums/ENiagaraMeshTransforms.uasset" 359
"../../Plugins/FX/Niagara/Content/Modules/Update/Orientation/V2/UpdateMeshOrientation.uasset" 360
"E:/Projetos Unreal Engine/PlaygroundProjectV2/Content/sA_PickupSet_1/Models/SM_Pickup_ss.uasset" 361
"E:/Projetos Unreal Engine/PlaygroundProjectV2/Content/sA_PickupSet_1/Fx/NiagaraEmitters/NE_PickupCricle.uasset" 362
"../../Plugins/FX/Niagara/Content/DynamicInputs/LinearColor/MultiplyLinearColor.uasset" 363
"../../Plugins/FX/Niagara/Content/DynamicInputs/Multiply/Multiply_Float.uasset" 364
"../../Plugins/FX/Niagara/Content/DynamicInputs/TypeConversions/Vector2DFromFloat.uasset" 365
"../../Plugins/FX/Niagara/Content/DynamicInputs/TypeConversions/VectorFromFloat.uasset" 366
"E:/Projetos Unreal Engine/PlaygroundProjectV2/Content/sA_PickupSet_1/Models/SM_Pickup_Gem.uasset" 367
"E:/Projetos Unreal Engine/PlaygroundProjectV2/Content/sA_PickupSet_1/Fx/NiagaraSystems/NS_Pickup_1.uasset" 368
"E:/Projetos Unreal Engine/PlaygroundProjectV2/Content/Blueprints_General/Checkpoint/BP_GoldCheckpoint.uasset" 369
"E:/Projetos Unreal Engine/PlaygroundProjectV2/Content/Blueprints_General/TimeAttackGameStateBP.uasset" 370
"E:/Projetos Unreal Engine/PlaygroundProjectV2/Content/Blueprints_General/TimeAttackGamemodeBP.uasset" 371
"E:/Projetos Unreal Engine/PlaygroundProjectV2/Content/FlyingCPP/Maps/FlyingExampleMap_BuiltData.uasset" 372
"E:/Projetos Unreal Engine/PlaygroundProjectV2/Content/Flying/Meshes/GrayMaterial.uasset" 373
"E:/Projetos Unreal Engine/PlaygroundProjectV2/Content/Geometry/Meshes/1M_Cube_Chamfer.uasset" 374
"E:/Projetos Unreal Engine/PlaygroundProjectV2/Content/Geometry/Meshes/TemplateFloor.uasset" 375
"E:/Projetos Unreal Engine/PlaygroundProjectV2/Content/FlyingCPP/Maps/FlyingExampleMap.umap" 376
"../../../Engine/Content/BasicShapes/BasicShapeMaterial.uasset" 377
"../../../Engine/Content/BasicShapes/Sphere.uasset" 378
"E:/Projetos Unreal Engine/PlaygroundProjectV2/Content/sA_PickupSet_1/Blueprints/BP_RAY_Spawner.uasset" 379
"E:/Projetos Unreal Engine/PlaygroundProjectV2/Content/sA_PickupSet_1/Levels/LVL_Showroom_BuiltData.uasset" 380
"E:/Projetos Unreal Engine/PlaygroundProjectV2/Content/sA_PickupSet_1/Materials/M_Ground.uasset" 381
"E:/Projetos Unreal Engine/PlaygroundProjectV2/Content/sA_PickupSet_1/Materials/MI_Ground_Showscene.uasset" 382
"E:/Projetos Unreal Engine/PlaygroundProjectV2/Content/sA_PickupSet_1/Materials/M_Master_MetalFX.uasset" 383
"E:/Projetos Unreal Engine/PlaygroundProjectV2/Content/sA_PickupSet_1/Materials/MI_Coin_1.uasset" 384
"../../Plugins/FX/Niagara/Content/Modules/Update/Size/ScaleMeshSize.uasset" 385
"E:/Projetos Unreal Engine/PlaygroundProjectV2/Content/sA_PickupSet_1/Models/SM_Coin_1.uasset" 386
"E:/Projetos Unreal Engine/PlaygroundProjectV2/Content/sA_PickupSet_1/Fx/NiagaraEmitters/NE_CoinBurst.uasset" 387
"../../Plugins/FX/Niagara/Content/DynamicInputs/UniformRange/UniformRangedVector.uasset" 388
"../../Plugins/FX/Niagara/Content/Functions/RandomUnitVector.uasset" 389
"../../Plugins/FX/Niagara/Content/Functions/RandomVector.uasset" 390
"../../Plugins/FX/Niagara/Content/Enums/ENiagaraOrientationAxis.uasset" 391
"../../Plugins/FX/Niagara/Content/Modules/Spawn/Location/CylinderLocation.uasset" 392
"E:/Projetos Unreal Engine/PlaygroundProjectV2/Content/sA_PickupSet_1/Fx/NiagaraSystems/NS_Coin_Shower.uasset" 393
"E:/Projetos Unreal Engine/PlaygroundProjectV2/Content/sA_PickupSet_1/Fx/NiagaraSystems/NS_CoinBurst.uasset" 394
"../../Plugins/FX/Niagara/Content/Functions/NormalizeDistanceRange.uasset" 395
"../../Plugins/FX/Niagara/Content/Modules/Update/Forces/VortexForce.uasset" 396
"../../Plugins/FX/Niagara/Content/Modules/Update/Velocity/VortexVelocity.uasset" 397
"E:/Projetos Unreal Engine/PlaygroundProjectV2/Content/sA_PickupSet_1/Fx/NiagaraSystems/NS_CoinBurst2.uasset" 398
"../../Plugins/FX/Niagara/Content/Modules/Spawn/Location/SystemLocation.uasset" 399
"E:/Projetos Unreal Engine/PlaygroundProjectV2/Content/sA_PickupSet_1/Models/SM_Energy_1.uasset" 400
"E:/Projetos Unreal Engine/PlaygroundProjectV2/Content/sA_PickupSet_1/Fx/NiagaraSystems/NS_Energy_1.uasset" 401
"E:/Projetos Unreal Engine/PlaygroundProjectV2/Content/sA_PickupSet_1/Fx/NiagaraSystems/NS_Energy_2.uasset" 402
"E:/Projetos Unreal Engine/PlaygroundProjectV2/Content/sA_PickupSet_1/Models/SM_Pickup_Health.uasset" 403
"E:/Projetos Unreal Engine/PlaygroundProjectV2/Content/sA_PickupSet_1/Fx/NiagaraSystems/NS_Healing_1.uasset" 404
"../../Plugins/FX/Niagara/Content/Modules/Spawn/Velocity/AddVelocity.uasset" 405
"../../Plugins/FX/Niagara/Content/Functions/DistanceBasedFalloff.uasset" 406
"../../Plugins/FX/Niagara/Content/Modules/Spawn/Velocity/AddVelocityFromPoint.uasset" 407
"E:/Projetos Unreal Engine/PlaygroundProjectV2/Content/sA_PickupSet_1/Fx/NiagaraSystems/NS_Healing_2.uasset" 408
"E:/Projetos Unreal Engine/PlaygroundProjectV2/Content/sA_PickupSet_1/Fx/NiagaraSystems/NS_Healing_3.uasset" 409
"E:/Projetos Unreal Engine/PlaygroundProjectV2/Content/sA_PickupSet_1/Models/SM_Pickup_Magic.uasset" 410
"E:/Projetos Unreal Engine/PlaygroundProjectV2/Content/sA_PickupSet_1/Fx/NiagaraSystems/NS_Magic_1.uasset" 411
"E:/Projetos Unreal Engine/PlaygroundProjectV2/Content/sA_PickupSet_1/Fx/NiagaraSystems/NS_Magic_2.uasset" 412
"E:/Projetos Unreal Engine/PlaygroundProjectV2/Content/sA_PickupSet_1/Fx/NiagaraSystems/NS_Pickup_2.uasset" 413
"E:/Projetos Unreal Engine/PlaygroundProjectV2/Content/sA_PickupSet_1/Fx/NiagaraSystems/NS_Pickup_3.uasset" 414
"E:/Projetos Unreal Engine/PlaygroundProjectV2/Content/sA_PickupSet_1/Models/SM_Pickup_Defence.uasset" 415
"E:/Projetos Unreal Engine/PlaygroundProjectV2/Content/sA_PickupSet_1/Fx/NiagaraSystems/NS_Pickup_4.uasset" 416
"E:/Projetos Unreal Engine/PlaygroundProjectV2/Content/sA_PickupSet_1/Fx/NiagaraSystems/NS_Pickup_5.uasset" 417
"E:/Projetos Unreal Engine/PlaygroundProjectV2/Content/sA_PickupSet_1/Materials/Textures/T_Shield_1.uasset" 418
"E:/Projetos Unreal Engine/PlaygroundProjectV2/Content/sA_PickupSet_1/Materials/MI_Shield_1.uasset" 419
"E:/Projetos Unreal Engine/PlaygroundProjectV2/Content/sA_PickupSet_1/Fx/NiagaraEmitters/NE_SimpleSprite.uasset" 420
"E:/Projetos Unreal Engine/PlaygroundProjectV2/Content/sA_PickupSet_1/Models/SM_Plane.uasset" 421
"E:/Projetos Unreal Engine/PlaygroundProjectV2/Content/sA_PickupSet_1/Fx/NiagaraSystems/NS_Shield.uasset" 422
"E:/Projetos Unreal Engine/PlaygroundProjectV2/Content/sA_PickupSet_1/Models/SM_Pickup_Defence_2.uasset" 423
"E:/Projetos Unreal Engine/PlaygroundProjectV2/Content/sA_PickupSet_1/Fx/NiagaraSystems/NS_Shield_2.uasset" 424
"E:/Projetos Unreal Engine/PlaygroundProjectV2/Content/sA_PickupSet_1/Materials/M_Master_RadialBeam.uasset" 425
"../../Plugins/FX/Niagara/Content/DynamicInputs/Angles/NormalizedAngleToDegrees.uasset" 426
"../../Plugins/FX/Niagara/Content/DynamicInputs/Helpers/SimulationPosition.uasset" 427
"../../Plugins/FX/Niagara/Content/Modules/Update/Size/ScaleSpriteSize.uasset" 428
"E:/Projetos Unreal Engine/PlaygroundProjectV2/Content/sA_PickupSet_1/Fx/NiagaraEmitters/NE_SimpleBurst.uasset" 429
"../../Plugins/FX/Niagara/Content/Functions/Localspace/TransformPosition.uasset" 430
"../../Plugins/FX/Niagara/Content/Modules/Spawn/Location/StaticMeshLocation.uasset" 431
"../../Plugins/FX/Niagara/Content/Modules/Spawn/MeshInterface/SampleStaticMesh.uasset" 432
"../../Plugins/FX/Niagara/Content/Modules/Spawn/Velocity/StaticMeshVelocity.uasset" 433
"E:/Projetos Unreal Engine/PlaygroundProjectV2/Content/sA_PickupSet_1/Models/SM_Pickup_Defence_3.uasset" 434
"E:/Projetos Unreal Engine/PlaygroundProjectV2/Content/sA_PickupSet_1/Fx/NiagaraSystems/NS_Shield_3.uasset" 435
"../../../Engine/Content/EngineMaterials/DefaultPhysicalMaterial.uasset" 436
"../../../Engine/Content/MapTemplates/Bokeh_5Sides.uasset" 437
"../../../Engine/Content/MapTemplates/T_ScreenDirt02_w.uasset" 438
"E:/Projetos Unreal Engine/PlaygroundProjectV2/Content/sA_PickupSet_1/Levels/LVL_Showroom.umap" 439
"E:/Projetos Unreal Engine/PlaygroundProjectV2/Content/StarterContent/Blueprints/Assets/FogBrightnessLUT.uasset" 440
"E:/Projetos Unreal Engine/PlaygroundProjectV2/Content/StarterContent/Blueprints/Assets/SunlightColorLUT.uasset" 441
"E:/Projetos Unreal Engine/PlaygroundProjectV2/Content/StarterContent/Blueprints/Assets/M_LightStage_Arrows.uasset" 442
"../../../Engine/Content/MapTemplates/Sky/DaylightAmbientCubemap.uasset" 443
"E:/Projetos Unreal Engine/PlaygroundProjectV2/Content/StarterContent/Blueprints/Assets/M_LightStage_Skybox_Master.uasset" 444
"E:/Projetos Unreal Engine/PlaygroundProjectV2/Content/StarterContent/Blueprints/Assets/M_LightStage_Skybox_Black.uasset" 445
"E:/Projetos Unreal Engine/PlaygroundProjectV2/Content/StarterContent/Blueprints/Assets/M_LightStage_Skybox_HDRI.uasset" 446
"../../../Engine/Content/EditorMaterials/Thumbnails/SkySphereMaterial.uasset" 447
"E:/Projetos Unreal Engine/PlaygroundProjectV2/Content/StarterContent/Blueprints/Assets/Skybox.uasset" 448
"E:/Projetos Unreal Engine/PlaygroundProjectV2/Content/StarterContent/Blueprints/Assets/SM_Arrows.uasset" 449
"E:/Projetos Unreal Engine/PlaygroundProjectV2/Content/StarterContent/HDRI/HDRI_Epic_Courtyard_Daylight.uasset" 450
"E:/Projetos Unreal Engine/PlaygroundProjectV2/Content/StarterContent/Blueprints/BP_LightStudio.uasset" 451
"E:/Projetos Unreal Engine/PlaygroundProjectV2/Content/StarterContent/Maps/Advanced_Lighting_BuiltData.uasset" 452
"E:/Projetos Unreal Engine/PlaygroundProjectV2/Content/StarterContent/Materials/M_AssetPlatform.uasset" 453
"../../../Engine/Content/EditorMeshes/ColorCalibrator/M_ChromeBall.uasset" 454
"../../../Engine/Content/EditorMeshes/ColorCalibrator/M_ClearCoat.uasset" 455
"../../../Engine/Content/EditorMeshes/ColorCalibrator/M_ClearCoatBlack.uasset" 456
"../../../Engine/Content/EditorMeshes/ColorCalibrator/Color_checker.uasset" 457
"../../../Engine/Content/EditorMeshes/ColorCalibrator/M_ColorGrid.uasset" 458
"../../../Engine/Content/EditorMeshes/ColorCalibrator/M_GreyBall.uasset" 459
"../../../Engine/Content/EditorMeshes/ColorCalibrator/SM_ColorCalibrator.uasset" 460
"E:/Projetos Unreal Engine/PlaygroundProjectV2/Content/StarterContent/Architecture/SM_AssetPlatform.uasset" 461
"E:/Projetos Unreal Engine/PlaygroundProjectV2/Content/StarterContent/Maps/Advanced_Lighting.umap" 462
"E:/Projetos Unreal Engine/PlaygroundProjectV2/Content/StarterContent/Maps/Minimal_Default_BuiltData.uasset" 463
"E:/Projetos Unreal Engine/PlaygroundProjectV2/Content/StarterContent/Textures/T_MacroVariation.uasset" 464
"E:/Projetos Unreal Engine/PlaygroundProjectV2/Content/StarterContent/Materials/M_Metal_Brushed_Nickel.uasset" 465
"E:/Projetos Unreal Engine/PlaygroundProjectV2/Content/StarterContent/Textures/T_Metal_Aluminum_D.uasset" 466
"E:/Projetos Unreal Engine/PlaygroundProjectV2/Content/StarterContent/Textures/T_Metal_Gold_N.uasset" 467
"E:/Projetos Unreal Engine/PlaygroundProjectV2/Content/StarterContent/Materials/M_Metal_Burnished_Steel.uasset" 468
"E:/Projetos Unreal Engine/PlaygroundProjectV2/Content/StarterContent/Textures/T_Metal_Copper_D.uasset" 469
"E:/Projetos Unreal Engine/PlaygroundProjectV2/Content/StarterContent/Materials/M_Metal_Copper.uasset" 470
"E:/Projetos Unreal Engine/PlaygroundProjectV2/Content/StarterContent/Textures/T_Statue_M.uasset" 471
"E:/Projetos Unreal Engine/PlaygroundProjectV2/Content/StarterContent/Textures/T_Statue_N.uasset" 472
"E:/Projetos Unreal Engine/PlaygroundProjectV2/Content/StarterContent/Props/Materials/M_StatueGlass.uasset" 473
"E:/Projetos Unreal Engine/PlaygroundProjectV2/Content/StarterContent/Architecture/Floor_400x400.uasset" 474
"E:/Projetos Unreal Engine/PlaygroundProjectV2/Content/StarterContent/Audio/Starter_Background_Cue.uasset" 475
"E:/Projetos Unreal Engine/PlaygroundProjectV2/Content/StarterContent/Props/SM_Chair.uasset" 476
"E:/Projetos Unreal Engine/PlaygroundProjectV2/Content/StarterContent/Props/Materials/M_Statue.uasset" 477
"E:/Projetos Unreal Engine/PlaygroundProjectV2/Content/StarterContent/Props/SM_Statue.uasset" 478
"E:/Projetos Unreal Engine/PlaygroundProjectV2/Content/StarterContent/Textures/T_TableRound_M.uasset" 479
"E:/Projetos Unreal Engine/PlaygroundProjectV2/Content/StarterContent/Textures/T_TableRound_N.uasset" 480
"E:/Projetos Unreal Engine/PlaygroundProjectV2/Content/StarterContent/Props/Materials/M_TableRound.uasset" 481
"E:/Projetos Unreal Engine/PlaygroundProjectV2/Content/StarterContent/Props/SM_TableRound.uasset" 482
"E:/Projetos Unreal Engine/PlaygroundProjectV2/Content/StarterContent/Maps/Minimal_Default.umap" 483
"E:/Projetos Unreal Engine/PlaygroundProjectV2/Content/StarterContent/Audio/Fire01_Cue.uasset" 484
"E:/Projetos Unreal Engine/PlaygroundProjectV2/Content/StarterContent/Textures/T_Fire_SubUV.uasset" 485
"E:/Projetos Unreal Engine/PlaygroundProjectV2/Content/StarterContent/Textures/T_Fire_Tiled_D.uasset" 486
"E:/Projetos Unreal Engine/PlaygroundProjectV2/Content/StarterContent/Particles/Materials/M_Fire_SubUV.uasset" 487
"E:/Projetos Unreal Engine/PlaygroundProjectV2/Content/StarterContent/Textures/T_Water_N.uasset" 488
"E:/Projetos Unreal Engine/PlaygroundProjectV2/Content/StarterContent/Particles/Materials/M_Heat_Distortion.uasset" 489
"E:/Projetos Unreal Engine/PlaygroundProjectV2/Content/StarterContent/Particles/Materials/M_Radial_Gradient.uasset" 490
"E:/Projetos Unreal Engine/PlaygroundProjectV2/Content/StarterContent/Particles/P_Fire.uasset" 491
"E:/Projetos Unreal Engine/PlaygroundProjectV2/Content/StarterContent/Blueprints/Blueprint_Effect_Fire.uasset" 492
"E:/Projetos Unreal Engine/PlaygroundProjectV2/Content/StarterContent/Audio/Smoke01_Cue.uasset" 493
"E:/Projetos Unreal Engine/PlaygroundProjectV2/Content/StarterContent/Particles/P_Smoke.uasset" 494
"E:/Projetos Unreal Engine/PlaygroundProjectV2/Content/StarterContent/Blueprints/Blueprint_Effect_Smoke.uasset" 495
"E:/Projetos Unreal Engine/PlaygroundProjectV2/Content/StarterContent/Audio/Fire_Sparks01_Cue.uasset" 496
"E:/Projetos Unreal Engine/PlaygroundProjectV2/Content/StarterContent/Textures/T_Spark_Core.uasset" 497
"E:/Projetos Unreal Engine/PlaygroundProjectV2/Content/StarterContent/Particles/Materials/M_Spark.uasset" 498
"E:/Projetos Unreal Engine/PlaygroundProjectV2/Content/StarterContent/Particles/P_Sparks.uasset" 499
"E:/Projetos Unreal Engine/PlaygroundProjectV2/Content/StarterContent/Blueprints/Blueprint_Effect_Sparks.uasset" 500
"E:/Projetos Unreal Engine/PlaygroundProjectV2/Content/StarterContent/Audio/Steam01_Cue.uasset" 501
"E:/Projetos Unreal Engine/PlaygroundProjectV2/Content/StarterContent/Particles/P_Steam_Lit.uasset" 502
"E:/Projetos Unreal Engine/PlaygroundProjectV2/Content/StarterContent/Blueprints/Blueprint_Effect_Steam.uasset" 503
"E:/Projetos Unreal Engine/PlaygroundProjectV2/Content/StarterContent/Textures/T_Lamp_M.uasset" 504
"E:/Projetos Unreal Engine/PlaygroundProjectV2/Content/StarterContent/Textures/T_Lamp_N.uasset" 505
"E:/Projetos Unreal Engine/PlaygroundProjectV2/Content/StarterContent/Props/Materials/M_Lamp.uasset" 506
"E:/Projetos Unreal Engine/PlaygroundProjectV2/Content/StarterContent/Props/SM_Lamp_Ceiling.uasset" 507
"E:/Projetos Unreal Engine/PlaygroundProjectV2/Content/StarterContent/Blueprints/Blueprint_CeilingLight.uasset" 508
"E:/Projetos Unreal Engine/PlaygroundProjectV2/Content/StarterContent/Props/SM_Lamp_Wall.uasset" 509
"E:/Projetos Unreal Engine/PlaygroundProjectV2/Content/StarterContent/Blueprints/Blueprint_WallSconce.uasset" 510
"E:/Projetos Unreal Engine/PlaygroundProjectV2/Content/StarterContent/Maps/StarterMap_BuiltData.uasset" 511
"../../../Engine/Content/Functions/Engine_MaterialFunctions03/Procedurals/ComputeFilterWidth.uasset" 512
"../../../Engine/Content/EngineMaterials/AntiAliasedTextMaterialTranslucent.uasset" 513
"E:/Projetos Unreal Engine/PlaygroundProjectV2/Content/StarterContent/Textures/T_Brick_Clay_Beveled_D.uasset" 514
"E:/Projetos Unreal Engine/PlaygroundProjectV2/Content/StarterContent/Textures/T_Brick_Clay_Beveled_M.uasset" 515
"E:/Projetos Unreal Engine/PlaygroundProjectV2/Content/StarterContent/Textures/T_Brick_Clay_Beveled_N.uasset" 516
"E:/Projetos Unreal Engine/PlaygroundProjectV2/Content/StarterContent/Materials/M_Brick_Clay_Beveled.uasset" 517
"E:/Projetos Unreal Engine/PlaygroundProjectV2/Content/StarterContent/Textures/T_Brick_Clay_New_D.uasset" 518
"E:/Projetos Unreal Engine/PlaygroundProjectV2/Content/StarterContent/Textures/T_Brick_Clay_New_M.uasset" 519
"E:/Projetos Unreal Engine/PlaygroundProjectV2/Content/StarterContent/Textures/T_Brick_Clay_New_N.uasset" 520
"E:/Projetos Unreal Engine/PlaygroundProjectV2/Content/StarterContent/Materials/M_Brick_Clay_New.uasset" 521
"E:/Projetos Unreal Engine/PlaygroundProjectV2/Content/StarterContent/Textures/T_Brick_Clay_Old_D.uasset" 522
"E:/Projetos Unreal Engine/PlaygroundProjectV2/Content/StarterContent/Textures/T_Brick_Clay_Old_N.uasset" 523
"E:/Projetos Unreal Engine/PlaygroundProjectV2/Content/StarterContent/Textures/T_Perlin_Noise_M.uasset" 524
"E:/Projetos Unreal Engine/PlaygroundProjectV2/Content/StarterContent/Materials/M_Brick_Clay_Old.uasset" 525
"E:/Projetos Unreal Engine/PlaygroundProjectV2/Content/StarterContent/Textures/T_Brick_Cut_Stone_D.uasset" 526
"E:/Projetos Unreal Engine/PlaygroundProjectV2/Content/StarterContent/Textures/T_Brick_Cut_Stone_N.uasset" 527
"E:/Projetos Unreal Engine/PlaygroundProjectV2/Content/StarterContent/Materials/M_Brick_Cut_Stone.uasset" 528
"E:/Projetos Unreal Engine/PlaygroundProjectV2/Content/StarterContent/Textures/T_Brick_Hewn_Stone_D.uasset" 529
"E:/Projetos Unreal Engine/PlaygroundProjectV2/Content/StarterContent/Textures/T_Brick_Hewn_Stone_M.uasset" 530
"E:/Projetos Unreal Engine/PlaygroundProjectV2/Content/StarterContent/Textures/T_Brick_Hewn_Stone_N.uasset" 531
"E:/Projetos Unreal Engine/PlaygroundProjectV2/Content/StarterContent/Materials/M_Brick_Hewn_Stone.uasset" 532
"E:/Projetos Unreal Engine/PlaygroundProjectV2/Content/StarterContent/Textures/T_Ceramic_Tile_M.uasset" 533
"E:/Projetos Unreal Engine/PlaygroundProjectV2/Content/StarterContent/Textures/T_Ceramic_Tile_N.uasset" 534
"E:/Projetos Unreal Engine/PlaygroundProjectV2/Content/StarterContent/Textures/T_Rock_Marble_Polished_D.uasset" 535
"E:/Projetos Unreal Engine/PlaygroundProjectV2/Content/StarterContent/Materials/M_Ceramic_Tile_Checker.uasset" 536
"E:/Projetos Unreal Engine/PlaygroundProjectV2/Content/StarterContent/Textures/T_CobbleStone_Pebble_D.uasset" 537
"E:/Projetos Unreal Engine/PlaygroundProjectV2/Content/StarterContent/Textures/T_CobbleStone_Pebble_M.uasset" 538
"E:/Projetos Unreal Engine/PlaygroundProjectV2/Content/StarterContent/Textures/T_CobbleStone_Pebble_N.uasset" 539
"E:/Projetos Unreal Engine/PlaygroundProjectV2/Content/StarterContent/Materials/M_CobbleStone_Pebble.uasset" 540
"E:/Projetos Unreal Engine/PlaygroundProjectV2/Content/StarterContent/Textures/T_CobbleStone_Rough_D.uasset" 541
"E:/Projetos Unreal Engine/PlaygroundProjectV2/Content/StarterContent/Textures/T_CobbleStone_Rough_N.uasset" 542
"E:/Projetos Unreal Engine/PlaygroundProjectV2/Content/StarterContent/Textures/T_Gradinet_01.uasset" 543
"E:/Projetos Unreal Engine/PlaygroundProjectV2/Content/StarterContent/Textures/T_Rock_Smooth_Granite_D.uasset" 544
"E:/Projetos Unreal Engine/PlaygroundProjectV2/Content/StarterContent/Materials/M_CobbleStone_Rough.uasset" 545
"E:/Projetos Unreal Engine/PlaygroundProjectV2/Content/StarterContent/Textures/T_CobbleStone_Smooth_D.uasset" 546
"E:/Projetos Unreal Engine/PlaygroundProjectV2/Content/StarterContent/Textures/T_CobbleStone_Smooth_M.uasset" 547
"E:/Projetos Unreal Engine/PlaygroundProjectV2/Content/StarterContent/Textures/T_CobbleStone_Smooth_N.uasset" 548
"E:/Projetos Unreal Engine/PlaygroundProjectV2/Content/StarterContent/Materials/M_CobbleStone_Smooth.uasset" 549
"E:/Projetos Unreal Engine/PlaygroundProjectV2/Content/StarterContent/Textures/T_Concrete_Grime_D.uasset" 550
"E:/Projetos Unreal Engine/PlaygroundProjectV2/Content/StarterContent/Textures/T_Metal_Rust_N.uasset" 551
"E:/Projetos Unreal Engine/PlaygroundProjectV2/Content/StarterContent/Materials/M_Concrete_Grime.uasset" 552
"E:/Projetos Unreal Engine/PlaygroundProjectV2/Content/StarterContent/Textures/T_Concrete_Panels_D.uasset" 553
"E:/Projetos Unreal Engine/PlaygroundProjectV2/Content/StarterContent/Textures/T_Concrete_Panels_N.uasset" 554
"E:/Projetos Unreal Engine/PlaygroundProjectV2/Content/StarterContent/Materials/M_Concrete_Panels.uasset" 555
"E:/Projetos Unreal Engine/PlaygroundProjectV2/Content/StarterContent/Textures/T_Concrete_Poured_D.uasset" 556
"E:/Projetos Unreal Engine/PlaygroundProjectV2/Content/StarterContent/Textures/T_Concrete_Poured_N.uasset" 557
"E:/Projetos Unreal Engine/PlaygroundProjectV2/Content/StarterContent/Materials/M_Concrete_Poured.uasset" 558
"E:/Projetos Unreal Engine/PlaygroundProjectV2/Content/StarterContent/Textures/T_Concrete_Tiles_D.uasset" 559
"E:/Projetos Unreal Engine/PlaygroundProjectV2/Content/StarterContent/Textures/T_Concrete_Tiles_M.uasset" 560
"E:/Projetos Unreal Engine/PlaygroundProjectV2/Content/StarterContent/Textures/T_Concrete_Tiles_N.uasset" 561
"E:/Projetos Unreal Engine/PlaygroundProjectV2/Content/StarterContent/Textures/T_Concrete_Tiles_Variation_M.uasset" 562
"E:/Projetos Unreal Engine/PlaygroundProjectV2/Content/StarterContent/Materials/M_Concrete_Tiles.uasset" 563
"E:/Projetos Unreal Engine/PlaygroundProjectV2/Content/StarterContent/Textures/T_Ground_Grass_D.uasset" 564
"E:/Projetos Unreal Engine/PlaygroundProjectV2/Content/StarterContent/Textures/T_Ground_Grass_N.uasset" 565
"E:/Projetos Unreal Engine/PlaygroundProjectV2/Content/StarterContent/Materials/M_Ground_Grass.uasset" 566
"E:/Projetos Unreal Engine/PlaygroundProjectV2/Content/StarterContent/Textures/T_Ground_Gravel_D.uasset" 567
"E:/Projetos Unreal Engine/PlaygroundProjectV2/Content/StarterContent/Textures/T_Ground_Gravel_N.uasset" 568
"E:/Projetos Unreal Engine/PlaygroundProjectV2/Content/StarterContent/Materials/M_Ground_Gravel.uasset" 569
"E:/Projetos Unreal Engine/PlaygroundProjectV2/Content/StarterContent/Textures/T_ground_Moss_D.uasset" 570
"E:/Projetos Unreal Engine/PlaygroundProjectV2/Content/StarterContent/Textures/T_Ground_Moss_N.uasset" 571
"E:/Projetos Unreal Engine/PlaygroundProjectV2/Content/StarterContent/Materials/M_Ground_Moss.uasset" 572
"E:/Projetos Unreal Engine/PlaygroundProjectV2/Content/StarterContent/Materials/M_Metal_Chrome.uasset" 573
"E:/Projetos Unreal Engine/PlaygroundProjectV2/Content/StarterContent/Textures/T_Metal_Gold_D.uasset" 574
"E:/Projetos Unreal Engine/PlaygroundProjectV2/Content/StarterContent/Materials/M_Metal_Gold.uasset" 575
"E:/Projetos Unreal Engine/PlaygroundProjectV2/Content/StarterContent/Textures/T_Metal_Rust_D.uasset" 576
"E:/Projetos Unreal Engine/PlaygroundProjectV2/Content/StarterContent/Materials/M_Metal_Rust.uasset" 577
"E:/Projetos Unreal Engine/PlaygroundProjectV2/Content/StarterContent/Textures/T_Metal_Steel_D.uasset" 578
"E:/Projetos Unreal Engine/PlaygroundProjectV2/Content/StarterContent/Textures/T_Metal_Steel_N.uasset" 579
"E:/Projetos Unreal Engine/PlaygroundProjectV2/Content/StarterContent/Materials/M_Metal_Steel.uasset" 580
"E:/Projetos Unreal Engine/PlaygroundProjectV2/Content/StarterContent/Textures/T_Rock_Basalt_N.uasset" 581
"E:/Projetos Unreal Engine/PlaygroundProjectV2/Content/StarterContent/Materials/M_Rock_Basalt.uasset" 582
"E:/Projetos Unreal Engine/PlaygroundProjectV2/Content/StarterContent/Materials/M_Rock_Marble_Polished.uasset" 583
"E:/Projetos Unreal Engine/PlaygroundProjectV2/Content/StarterContent/Textures/T_Rock_Sandstone_D.uasset" 584
"E:/Projetos Unreal Engine/PlaygroundProjectV2/Content/StarterContent/Textures/T_Rock_Sandstone_N.uasset" 585
"E:/Projetos Unreal Engine/PlaygroundProjectV2/Content/StarterContent/Materials/M_Rock_Sandstone.uasset" 586
"E:/Projetos Unreal Engine/PlaygroundProjectV2/Content/StarterContent/Textures/T_Rock_Slate_D.uasset" 587
"E:/Projetos Unreal Engine/PlaygroundProjectV2/Content/StarterContent/Textures/T_Rock_Slate_N.uasset" 588
"E:/Projetos Unreal Engine/PlaygroundProjectV2/Content/StarterContent/Materials/M_Rock_Slate.uasset" 589
"E:/Projetos Unreal Engine/PlaygroundProjectV2/Content/StarterContent/Textures/T_Checker_Noise_M.uasset" 590
"E:/Projetos Unreal Engine/PlaygroundProjectV2/Content/StarterContent/Textures/T_Single_Tile_N.uasset" 591
"E:/Projetos Unreal Engine/PlaygroundProjectV2/Content/StarterContent/Textures/T_Tech_Dot_M.uasset" 592
"E:/Projetos Unreal Engine/PlaygroundProjectV2/Content/StarterContent/Textures/T_Tech_Dot_N.uasset" 593
"E:/Projetos Unreal Engine/PlaygroundProjectV2/Content/StarterContent/Materials/M_Tech_Checker_Dot.uasset" 594
"E:/Projetos Unreal Engine/PlaygroundProjectV2/Content/StarterContent/Textures/T_Tech_Hex_Tile_M.uasset" 595
"E:/Projetos Unreal Engine/PlaygroundProjectV2/Content/StarterContent/Textures/T_Tech_Hex_Tile_N.uasset" 596
"E:/Projetos Unreal Engine/PlaygroundProjectV2/Content/StarterContent/Materials/M_Tech_Hex_Tile.uasset" 597
"E:/Projetos Unreal Engine/PlaygroundProjectV2/Content/StarterContent/Materials/M_Tech_Hex_Tile_Pulse.uasset" 598
"E:/Projetos Unreal Engine/PlaygroundProjectV2/Content/StarterContent/Textures/T_Tech_Panel_M.uasset" 599
"E:/Projetos Unreal Engine/PlaygroundProjectV2/Content/StarterContent/Textures/T_Tech_Panel_N.uasset" 600
"E:/Projetos Unreal Engine/PlaygroundProjectV2/Content/StarterContent/Materials/M_Tech_Panel.uasset" 601
"E:/Projetos Unreal Engine/PlaygroundProjectV2/Content/StarterContent/Materials/M_Water_Lake.uasset" 602
"E:/Projetos Unreal Engine/PlaygroundProjectV2/Content/StarterContent/Textures/T_Water_M.uasset" 603
"E:/Projetos Unreal Engine/PlaygroundProjectV2/Content/StarterContent/Materials/M_Water_Ocean.uasset" 604
"E:/Projetos Unreal Engine/PlaygroundProjectV2/Content/StarterContent/Textures/T_Wood_Floor_Walnut_D.uasset" 605
"E:/Projetos Unreal Engine/PlaygroundProjectV2/Content/StarterContent/Textures/T_Wood_Floor_Walnut_M.uasset" 606
"E:/Projetos Unreal Engine/PlaygroundProjectV2/Content/StarterContent/Textures/T_Wood_Floor_Walnut_N.uasset" 607
"E:/Projetos Unreal Engine/PlaygroundProjectV2/Content/StarterContent/Materials/M_Wood_Floor_Walnut_Polished.uasset" 608
"../../../Engine/Content/Functions/Engine_MaterialFunctions01/Opacity/AlphaOffset.uasset" 609
"E:/Projetos Unreal Engine/PlaygroundProjectV2/Content/StarterContent/Materials/M_Wood_Floor_Walnut_Worn.uasset" 610
"E:/Projetos Unreal Engine/PlaygroundProjectV2/Content/StarterContent/Textures/T_Wood_Oak_D.uasset" 611
"E:/Projetos Unreal Engine/PlaygroundProjectV2/Content/StarterContent/Textures/T_Wood_Oak_N.uasset" 612
"E:/Projetos Unreal Engine/PlaygroundProjectV2/Content/StarterContent/Materials/M_Wood_Oak.uasset" 613
"E:/Projetos Unreal Engine/PlaygroundProjectV2/Content/StarterContent/Textures/T_Wood_Pine_D.uasset" 614
"E:/Projetos Unreal Engine/PlaygroundProjectV2/Content/StarterContent/Textures/T_Wood_Pine_N.uasset" 615
"E:/Projetos Unreal Engine/PlaygroundProjectV2/Content/StarterContent/Materials/M_Wood_Pine.uasset" 616
"E:/Projetos Unreal Engine/PlaygroundProjectV2/Content/StarterContent/Textures/T_Wood_Walnut_D.uasset" 617
"E:/Projetos Unreal Engine/PlaygroundProjectV2/Content/StarterContent/Textures/T_Wood_Walnut_N.uasset" 618
"E:/Projetos Unreal Engine/PlaygroundProjectV2/Content/StarterContent/Materials/M_Wood_Walnut.uasset" 619
"E:/Projetos Unreal Engine/PlaygroundProjectV2/Content/StarterContent/Architecture/Wall_400x200.uasset" 620
"E:/Projetos Unreal Engine/PlaygroundProjectV2/Content/StarterContent/Architecture/Wall_Door_400x300.uasset" 621
"E:/Projetos Unreal Engine/PlaygroundProjectV2/Content/StarterContent/Architecture/Wall_Window_400x300.uasset" 622
"E:/Projetos Unreal Engine/PlaygroundProjectV2/Content/StarterContent/Audio/Collapse_Cue.uasset" 623
"E:/Projetos Unreal Engine/PlaygroundProjectV2/Content/StarterContent/Audio/Starter_Music_Cue.uasset" 624
"E:/Projetos Unreal Engine/PlaygroundProjectV2/Content/StarterContent/Textures/T_Dust_Particle_D.uasset" 625
"E:/Projetos Unreal Engine/PlaygroundProjectV2/Content/StarterContent/Particles/Materials/M_Dust_Particle.uasset" 626
"E:/Projetos Unreal Engine/PlaygroundProjectV2/Content/StarterContent/Particles/P_Ambient_Dust.uasset" 627
"E:/Projetos Unreal Engine/PlaygroundProjectV2/Content/StarterContent/Props/MaterialSphere.uasset" 628
"E:/Projetos Unreal Engine/PlaygroundProjectV2/Content/StarterContent/Textures/T_Frame_M.uasset" 629
"E:/Projetos Unreal Engine/PlaygroundProjectV2/Content/StarterContent/Textures/T_Frame_N.uasset" 630
"E:/Projetos Unreal Engine/PlaygroundProjectV2/Content/StarterContent/Props/Materials/M_Frame.uasset" 631
"E:/Projetos Unreal Engine/PlaygroundProjectV2/Content/StarterContent/Props/SM_CornerFrame.uasset" 632
"E:/Projetos Unreal Engine/PlaygroundProjectV2/Content/StarterContent/Props/SM_DoorFrame.uasset" 633
"E:/Projetos Unreal Engine/PlaygroundProjectV2/Content/StarterContent/Props/SM_GlassWindow.uasset" 634
"E:/Projetos Unreal Engine/PlaygroundProjectV2/Content/StarterContent/Props/SM_PillarFrame.uasset" 635
"E:/Projetos Unreal Engine/PlaygroundProjectV2/Content/StarterContent/Props/SM_PillarFrame300.uasset" 636
"E:/Projetos Unreal Engine/PlaygroundProjectV2/Content/StarterContent/Props/SM_WindowFrame.uasset" 637
"E:/Projetos Unreal Engine/PlaygroundProjectV2/Content/StarterContent/Shapes/Shape_Cube.uasset" 638
"E:/Projetos Unreal Engine/PlaygroundProjectV2/Content/StarterContent/Shapes/Shape_QuadPyramid.uasset" 639
"E:/Projetos Unreal Engine/PlaygroundProjectV2/Content/StarterContent/Shapes/Shape_Sphere.uasset" 640
"E:/Projetos Unreal Engine/PlaygroundProjectV2/Content/StarterContent/Maps/StarterMap.umap" 641
"../../../Engine/Content/Maps/Entry_BuiltData.uasset" 642
"../../../Engine/Content/Maps/Entry.umap" 643
